2020-04-05 12:03:06,908 INFO o.a.j.u.JMeterUtils: Setting Locale to en_EN
2020-04-05 12:03:06,917 INFO o.a.j.JMeter: Loading user properties from: C:\Tools\apache-jmeter-5.2.1\bin\user.properties
2020-04-05 12:03:06,917 INFO o.a.j.JMeter: Loading system properties from: C:\Tools\apache-jmeter-5.2.1\bin\system.properties
2020-04-05 12:03:06,917 INFO o.a.j.JMeter: Setting JMeter property: jmeter.save.saveservice.output_format=xml
2020-04-05 12:03:06,918 INFO o.a.j.JMeter: Copyright (c) 1998-2019 The Apache Software Foundation
2020-04-05 12:03:06,918 INFO o.a.j.JMeter: Version 5.2.1
2020-04-05 12:03:06,918 INFO o.a.j.JMeter: java.version=1.8.0_241
2020-04-05 12:03:06,918 INFO o.a.j.JMeter: java.vm.name=Java HotSpot(TM) Client VM
2020-04-05 12:03:06,918 INFO o.a.j.JMeter: os.name=Windows 10
2020-04-05 12:03:06,918 INFO o.a.j.JMeter: os.arch=x86
2020-04-05 12:03:06,918 INFO o.a.j.JMeter: os.version=10.0
2020-04-05 12:03:06,918 INFO o.a.j.JMeter: file.encoding=Cp1252
2020-04-05 12:03:06,918 INFO o.a.j.JMeter: java.awt.headless=true
2020-04-05 12:03:06,918 INFO o.a.j.JMeter: Max memory     =1073741824
2020-04-05 12:03:06,918 INFO o.a.j.JMeter: Available Processors =12
2020-04-05 12:03:06,921 INFO o.a.j.JMeter: Default Locale=English (EN)
2020-04-05 12:03:06,921 INFO o.a.j.JMeter: JMeter  Locale=English (EN)
2020-04-05 12:03:06,921 INFO o.a.j.JMeter: JMeterHome=C:\Tools\apache-jmeter-5.2.1
2020-04-05 12:03:06,921 INFO o.a.j.JMeter: user.dir  =C:\dsra\dsra_performance\grafana_influxdb\jmeter\scripts
2020-04-05 12:03:06,921 INFO o.a.j.JMeter: PWD       =C:\dsra\dsra_performance\grafana_influxdb\jmeter\scripts
2020-04-05 12:03:06,923 INFO o.a.j.JMeter: IP: 10.215.1.214 Name: CPX-JI7WMLUT9J0 FullName: host.docker.internal
2020-04-05 12:03:06,926 INFO o.a.j.s.FileServer: Default base='C:\dsra\dsra_performance\grafana_influxdb\jmeter\scripts'
2020-04-05 12:03:06,928 INFO o.a.j.s.FileServer: Set new base='C:\dsra\dsra_performance\grafana_influxdb\jmeter\scripts\..\jmx\routing'
2020-04-05 12:03:07,020 INFO o.a.j.s.SaveService: Testplan (JMX) version: 2.2. Testlog (JTL) version: 2.2
2020-04-05 12:03:07,023 INFO o.a.j.s.SaveService: Using SaveService properties file encoding UTF-8
2020-04-05 12:03:07,027 INFO o.a.j.s.SaveService: Using SaveService properties version 5.0
2020-04-05 12:03:07,031 INFO o.a.j.s.SaveService: Loading file: ..\jmx\routing\test_plan.jmx
2020-04-05 12:03:07,066 INFO o.a.j.p.h.c.CacheManager: Will only cache the following methods: [GET]
2020-04-05 12:03:07,086 INFO o.a.j.p.h.s.HTTPSamplerBase: Parser for text/html is org.apache.jmeter.protocol.http.parser.LagartoBasedHtmlParser
2020-04-05 12:03:07,086 INFO o.a.j.p.h.s.HTTPSamplerBase: Parser for application/xhtml+xml is org.apache.jmeter.protocol.http.parser.LagartoBasedHtmlParser
2020-04-05 12:03:07,086 INFO o.a.j.p.h.s.HTTPSamplerBase: Parser for application/xml is org.apache.jmeter.protocol.http.parser.LagartoBasedHtmlParser
2020-04-05 12:03:07,086 INFO o.a.j.p.h.s.HTTPSamplerBase: Parser for text/xml is org.apache.jmeter.protocol.http.parser.LagartoBasedHtmlParser
2020-04-05 12:03:07,086 INFO o.a.j.p.h.s.HTTPSamplerBase: Parser for text/vnd.wap.wml is org.apache.jmeter.protocol.http.parser.RegexpHTMLParser
2020-04-05 12:03:07,086 INFO o.a.j.p.h.s.HTTPSamplerBase: Parser for text/css is org.apache.jmeter.protocol.http.parser.CssParser
2020-04-05 12:03:07,109 INFO o.a.j.s.SampleResult: Note: Sample TimeStamps are START times
2020-04-05 12:03:07,109 INFO o.a.j.s.SampleResult: sampleresult.default.encoding is set to ISO-8859-1
2020-04-05 12:03:07,109 INFO o.a.j.s.SampleResult: sampleresult.useNanoTime=true
2020-04-05 12:03:07,109 INFO o.a.j.s.SampleResult: sampleresult.nanoThreadSleep=5000
2020-04-05 12:03:07,120 INFO o.a.j.JMeter: Creating summariser <summary>
2020-04-05 12:03:07,129 INFO o.a.j.e.StandardJMeterEngine: Running the test!
2020-04-05 12:03:07,129 INFO o.a.j.s.SampleEvent: List of sample_variables: []
2020-04-05 12:03:07,129 INFO o.a.j.s.SampleEvent: List of sample_variables: []
2020-04-05 12:03:07,133 INFO o.a.j.e.u.CompoundVariable: Note: Function class names must contain the string: '.functions.'
2020-04-05 12:03:07,133 INFO o.a.j.e.u.CompoundVariable: Note: Function class names must not contain the string: '.gui.'
2020-04-05 12:03:07,388 INFO o.a.j.v.b.BackendListener: Backend Listener: Starting worker with class: class org.apache.jmeter.visualizers.backend.influxdb.InfluxdbBackendListenerClient and queue capacity: 5000
2020-04-05 12:03:07,388 INFO o.a.j.v.b.BackendListener: Backend Listener: Started  worker with class: class org.apache.jmeter.visualizers.backend.influxdb.InfluxdbBackendListenerClient
2020-04-05 12:03:07,803 INFO o.a.j.JMeter: Running test (1586102587803)
2020-04-05 12:03:07,835 INFO o.a.j.e.StandardJMeterEngine: Starting ThreadGroup: 1 : S01_01_POST_Facility
2020-04-05 12:03:07,835 INFO o.a.j.e.StandardJMeterEngine: Starting 1 threads for group S01_01_POST_Facility.
2020-04-05 12:03:07,835 INFO o.a.j.e.StandardJMeterEngine: Thread will continue on error
2020-04-05 12:03:07,835 INFO o.a.j.t.ThreadGroup: Starting thread group... number=1 threads=1 ramp-up=1 delayedStart=true
2020-04-05 12:03:07,836 INFO o.a.j.t.ThreadGroup: Started thread group number 1
2020-04-05 12:03:07,836 INFO o.a.j.e.StandardJMeterEngine: Starting ThreadGroup: 2 : S01_04_DELETE_Facility_guid
2020-04-05 12:03:07,836 INFO o.a.j.e.StandardJMeterEngine: Starting 1 threads for group S01_04_DELETE_Facility_guid.
2020-04-05 12:03:07,836 INFO o.a.j.e.StandardJMeterEngine: Thread will continue on error
2020-04-05 12:03:07,836 INFO o.a.j.t.ThreadGroup: Starting thread group... number=2 threads=1 ramp-up=1 delayedStart=false
2020-04-05 12:03:07,840 INFO o.a.j.t.ThreadGroup: Started thread group number 2
2020-04-05 12:03:07,840 INFO o.a.j.e.StandardJMeterEngine: Starting ThreadGroup: 3 : S01_02_GET_Facility
2020-04-05 12:03:07,840 INFO o.a.j.e.StandardJMeterEngine: Starting 1 threads for group S01_02_GET_Facility.
2020-04-05 12:03:07,840 INFO o.a.j.e.StandardJMeterEngine: Thread will continue on error
2020-04-05 12:03:07,840 INFO o.a.j.t.ThreadGroup: Starting thread group... number=3 threads=1 ramp-up=1 delayedStart=false
2020-04-05 12:03:07,840 INFO o.a.j.t.ThreadGroup: Started thread group number 3
2020-04-05 12:03:07,840 INFO o.a.j.e.StandardJMeterEngine: Starting ThreadGroup: 4 : S01_03_GET_Facility_guid
2020-04-05 12:03:07,840 INFO o.a.j.e.StandardJMeterEngine: Starting 1 threads for group S01_03_GET_Facility_guid.
2020-04-05 12:03:07,840 INFO o.a.j.e.StandardJMeterEngine: Thread will continue on error
2020-04-05 12:03:07,840 INFO o.a.j.t.ThreadGroup: Starting thread group... number=4 threads=1 ramp-up=1 delayedStart=false
2020-04-05 12:03:07,841 INFO o.a.j.t.ThreadGroup: Started thread group number 4
2020-04-05 12:03:07,841 INFO o.a.j.e.StandardJMeterEngine: Starting ThreadGroup: 5 : S02_01_POST_Route
2020-04-05 12:03:07,841 INFO o.a.j.e.StandardJMeterEngine: Starting 2 threads for group S02_01_POST_Route.
2020-04-05 12:03:07,841 INFO o.a.j.e.StandardJMeterEngine: Thread will continue on error
2020-04-05 12:03:07,841 INFO o.a.j.t.ThreadGroup: Starting thread group... number=5 threads=2 ramp-up=2 delayedStart=false
2020-04-05 12:03:07,842 INFO o.a.j.t.ThreadGroup: Started thread group number 5
2020-04-05 12:03:07,842 INFO o.a.j.e.StandardJMeterEngine: Starting ThreadGroup: 6 : S02_02_GET_Route
2020-04-05 12:03:07,842 INFO o.a.j.e.StandardJMeterEngine: Starting 2 threads for group S02_02_GET_Route.
2020-04-05 12:03:07,842 INFO o.a.j.e.StandardJMeterEngine: Thread will continue on error
2020-04-05 12:03:07,842 INFO o.a.j.t.ThreadGroup: Starting thread group... number=6 threads=2 ramp-up=2 delayedStart=false
2020-04-05 12:03:07,843 INFO o.a.j.t.ThreadGroup: Started thread group number 6
2020-04-05 12:03:07,843 INFO o.a.j.e.StandardJMeterEngine: Starting ThreadGroup: 7 : S02_03_GET_Route_guid
2020-04-05 12:03:07,843 INFO o.a.j.e.StandardJMeterEngine: Starting 2 threads for group S02_03_GET_Route_guid.
2020-04-05 12:03:07,843 INFO o.a.j.e.StandardJMeterEngine: Thread will continue on error
2020-04-05 12:03:07,843 INFO o.a.j.t.ThreadGroup: Starting thread group... number=7 threads=2 ramp-up=2 delayedStart=false
2020-04-05 12:03:07,844 INFO o.a.j.t.ThreadGroup: Started thread group number 7
2020-04-05 12:03:07,844 INFO o.a.j.e.StandardJMeterEngine: Starting ThreadGroup: 8 : S02_04_DELETE_Route
2020-04-05 12:03:07,844 INFO o.a.j.e.StandardJMeterEngine: Starting 1 threads for group S02_04_DELETE_Route.
2020-04-05 12:03:07,844 INFO o.a.j.e.StandardJMeterEngine: Thread will continue on error
2020-04-05 12:03:07,844 INFO o.a.j.t.ThreadGroup: Starting thread group... number=8 threads=1 ramp-up=2 delayedStart=false
2020-04-05 12:03:07,844 INFO o.a.j.t.ThreadGroup: Started thread group number 8
2020-04-05 12:03:07,844 INFO o.a.j.e.StandardJMeterEngine: Starting ThreadGroup: 9 : S03_01_POST_WC
2020-04-05 12:03:07,844 INFO o.a.j.e.StandardJMeterEngine: Starting 2 threads for group S03_01_POST_WC.
2020-04-05 12:03:07,844 INFO o.a.j.e.StandardJMeterEngine: Thread will continue on error
2020-04-05 12:03:07,845 INFO o.a.j.t.ThreadGroup: Starting thread group... number=9 threads=2 ramp-up=2 delayedStart=false
2020-04-05 12:03:07,845 INFO o.a.j.t.ThreadGroup: Started thread group number 9
2020-04-05 12:03:07,845 INFO o.a.j.e.StandardJMeterEngine: Starting ThreadGroup: 10 : S03_03_GET_WC_number
2020-04-05 12:03:07,845 INFO o.a.j.e.StandardJMeterEngine: Starting 2 threads for group S03_03_GET_WC_number.
2020-04-05 12:03:07,845 INFO o.a.j.e.StandardJMeterEngine: Thread will continue on error
2020-04-05 12:03:07,845 INFO o.a.j.t.ThreadGroup: Starting thread group... number=10 threads=2 ramp-up=2 delayedStart=false
2020-04-05 12:03:07,847 INFO o.a.j.t.ThreadGroup: Started thread group number 10
2020-04-05 12:03:07,847 INFO o.a.j.e.StandardJMeterEngine: Starting ThreadGroup: 11 : S03_04_DELETE_WC_guid
2020-04-05 12:03:07,847 INFO o.a.j.e.StandardJMeterEngine: Starting 1 threads for group S03_04_DELETE_WC_guid.
2020-04-05 12:03:07,847 INFO o.a.j.e.StandardJMeterEngine: Thread will continue on error
2020-04-05 12:03:07,847 INFO o.a.j.t.ThreadGroup: Starting thread group... number=11 threads=1 ramp-up=2 delayedStart=false
2020-04-05 12:03:07,847 INFO o.a.j.t.ThreadGroup: Started thread group number 11
2020-04-05 12:03:07,848 INFO o.a.j.e.StandardJMeterEngine: All thread groups have been started
2020-04-05 12:03:07,852 INFO o.a.j.t.JMeterThread: Thread started: S01_02_GET_Facility 3-1
2020-04-05 12:03:07,852 INFO o.a.j.t.JMeterThread: Thread started: S01_01_POST_Facility 1-1
2020-04-05 12:03:07,853 INFO o.a.j.t.JMeterThread: Thread started: S02_01_POST_Route 5-1
2020-04-05 12:03:07,853 INFO o.a.j.t.JMeterThread: Thread started: S01_03_GET_Facility_guid 4-1
2020-04-05 12:03:07,853 INFO o.a.j.t.JMeterThread: Thread started: S03_03_GET_WC_number 10-1
2020-04-05 12:03:07,854 INFO o.a.j.t.JMeterThread: Thread started: S02_03_GET_Route_guid 7-1
2020-04-05 12:03:07,854 INFO o.a.j.t.JMeterThread: Thread started: S03_01_POST_WC 9-1
2020-04-05 12:03:07,855 INFO o.a.j.s.FileServer: Stored: ../../csv/Routing_RTM_API.csv
2020-04-05 12:03:07,855 INFO o.a.j.t.JMeterThread: Thread started: S02_02_GET_Route 6-1
2020-04-05 12:03:07,867 INFO o.a.j.t.JMeterThread: Thread finished: S01_02_GET_Facility 3-1
2020-04-05 12:03:07,867 INFO o.a.j.t.JMeterThread: Thread finished: S01_03_GET_Facility_guid 4-1
2020-04-05 12:03:07,870 INFO o.a.j.t.JMeterThread: Thread finished: S01_01_POST_Facility 1-1
2020-04-05 12:03:08,853 INFO o.a.j.t.JMeterThread: Thread started: S02_01_POST_Route 5-2
2020-04-05 12:03:08,854 INFO o.a.j.t.JMeterThread: Thread started: S03_03_GET_WC_number 10-2
2020-04-05 12:03:08,854 INFO o.a.j.t.JMeterThread: Thread started: S02_02_GET_Route 6-2
2020-04-05 12:03:08,855 INFO o.a.j.t.JMeterThread: Thread started: S02_03_GET_Route_guid 7-2
2020-04-05 12:03:08,855 INFO o.a.j.t.JMeterThread: Thread started: S03_01_POST_WC 9-2
2020-04-05 12:03:11,048 INFO o.a.j.p.h.s.HTTPHCAbstractImpl: Local host = CPX-JI7WMLUT9J0
2020-04-05 12:03:11,054 INFO o.a.j.p.h.s.HTTPHC4Impl: HTTP request retry count = 0
2020-04-05 12:03:12,837 INFO o.a.j.t.JMeterThread: Thread started: S01_04_DELETE_Facility_guid 2-1
2020-04-05 12:03:12,838 INFO o.a.j.t.JMeterThread: Thread finished: S01_04_DELETE_Facility_guid 2-1
2020-04-05 12:03:12,845 INFO o.a.j.t.JMeterThread: Thread started: S02_04_DELETE_Route 8-1
2020-04-05 12:03:12,848 INFO o.a.j.t.JMeterThread: Thread started: S03_04_DELETE_WC_guid 11-1
2020-04-05 12:03:50,218 INFO o.a.j.r.ResultCollector: Shutdown hook started
